2024-05-24 17:47:24,408.v3_listening_worker.INFO ==================================================
2024-05-24 17:47:24,408.v3_listening_worker.INFO Today is 2024-05-24 at 05:47 PM
2024-05-24 17:47:24,408.v3_listening_worker.INFO Running on: nt Windows 11
2024-05-24 17:47:24,408.v3_listening_worker.INFO Python version:  3.12.2
2024-05-24 17:47:24,408.v3_listening_worker.INFO Python path: C:\Users\derek\OneDrive\Documents\Streaming Data\Week 4\streaming-04-multiple-consumers\.venv
2024-05-24 17:47:24,410.v3_listening_worker.INFO Working dir: C:\Users\derek\OneDrive\Documents\Streaming Data\Week 4\streaming-04-multiple-consumers
2024-05-24 17:47:24,410.v3_listening_worker.INFO ==================================================
2024-05-24 17:47:24,420.v3_listening_worker.INFO Ready for work. To exit press CTRL+C
2024-05-24 17:47:47,147.v3_listening_worker.INFO Received Second task....22024-05-24 17:47:51,149.v3_listening_worker.INFO Done
2024-05-24 17:47:53,162.v3_listening_worker.INFO Received Forth task...
20242024-05-24 17:47:58,155.v3_listening_worker.INFO Done
2024-05-24 17:48:02,184.v3_listening_worker.INFO Received Seventh task..........
2024-05-24 17:48:12,186.v3_listening_worker.INFO Done
2024-05-24 17:48:22,193.v3_listening_worker.INFO User interrupted continuous listening process.
2024-05-24 17:48:22,193.v3_listening_worker.INFO Closing connection. Goodbye.
hth task.
2024-05-24 17:48:06,193.v3_listening_worker.INFO Done
2024-05-24 17:48:08,199.v3_listening_worker.INFO Received Ninth task...
2024-05-24 17:48:11,200.v3_listening_worker.INFO Done
2024-05-24 17:48:11,206.v3_listening_worker.INFO Received Tenth task.....
2024-05-24 17:48:16,208.v3_listening_worker.INFO Done
2024-05-24 17:48:26,158.v3_listening_worker.INFO User interrupted continuous listening process.
2024-05-24 17:48:26,158.v3_listening_worker.INFO Closing connection. Goodbye.
